<?xml version="1.0" encoding="UTF-8"?>
<!-- Generated by org.testng.reporters.JUnitReportReporter -->
<testsuite skipped="0" hostname="DESKTOP-TJE3U23" name="test.ready" tests="1" failures="0" timestamp="9 Dec 2020 08:47:52 GMT" time="30.255" errors="0">
  <testcase name="launch" time="30.255" classname="test.ready"/>
</testsuite> <!-- test.ready -->
